# JRE version: OpenJDK Runtime Environment (8.0_242-b01) (build 1.8.0_242-release-1644-b01)
# Java VM: OpenJDK 64-Bit Server VM (25.242-b01 mixed mode windows-amd64 compressed oops)
Heap:
 PSYoungGen      total 71680K, used 9991K [0x00000000d5580000, 0x00000000de680000, 0x0000000100000000)
  eden space 64512K, 15% used [0x00000000d5580000,0x00000000d5f41df8,0x00000000d9480000)
  from space 7168K, 0% used [0x00000000d9480000,0x00000000d9480000,0x00000000d9b80000)
  to   space 9728K, 0% used [0x00000000ddd00000,0x00000000ddd00000,0x00000000de680000)
 ParOldGen       total 41472K, used 11284K [0x0000000080000000, 0x0000000082880000, 0x00000000d5580000)
  object space 41472K, 27% used [0x0000000080000000,0x0000000080b05320,0x0000000082880000)
 Metaspace       used 20700K, capacity 21652K, committed 21888K, reserved 1069056K
  class space    used 2895K, capacity 3124K, committed 3200K, reserved 1048576K
GC Heap History (10 events):
Event: 1.317 GC heap before
{Heap before GC invocations=4 (full 0):
 PSYoungGen      total 18944K, used 18672K [0x00000000d5580000, 0x00000000d7a80000, 0x0000000100000000)
  eden space 16384K, 100% used [0x00000000d5580000,0x00000000d6580000,0x00000000d6580000)
  from space 2560K, 89% used [0x00000000d6580000,0x00000000d67bc030,0x00000000d6800000)
  to   space 2560K, 0% used [0x00000000d7800000,0x00000000d7800000,0x00000000d7a80000)
 ParOldGen       total 44032K, used 1010K [0x0000000080000000, 0x0000000082b00000, 0x00000000d5580000)
  object space 44032K, 2% used [0x0000000080000000,0x00000000800fc850,0x0000000082b00000)
 Metaspace       used 7789K, capacity 8098K, committed 8320K, reserved 1056768K
  class space    used 955K, capacity 1081K, committed 1152K, reserved 1048576K
Event: 1.321 GC heap after
Heap after GC invocations=4 (full 0):
 PSYoungGen      total 35328K, used 2528K [0x00000000d5580000, 0x00000000d7a80000, 0x0000000100000000)
  eden space 32768K, 0% used [0x00000000d5580000,0x00000000d5580000,0x00000000d7580000)
  from space 2560K, 98% used [0x00000000d7800000,0x00000000d7a78020,0x00000000d7a80000)
  to   space 2560K, 0% used [0x00000000d7580000,0x00000000d7580000,0x00000000d7800000)
 ParOldGen       total 44032K, used 1645K [0x0000000080000000, 0x0000000082b00000, 0x00000000d5580000)
  object space 44032K, 3% used [0x0000000080000000,0x000000008019b588,0x0000000082b00000)
 Metaspace       used 7789K, capacity 8098K, committed 8320K, reserved 1056768K
  class space    used 955K, capacity 1081K, committed 1152K, reserved 1048576K
}
Event: 2.278 GC heap before
{Heap before GC invocations=5 (full 0):
 PSYoungGen      total 35328K, used 35296K [0x00000000d5580000, 0x00000000d7a80000, 0x0000000100000000)
  eden space 32768K, 100% used [0x00000000d5580000,0x00000000d7580000,0x00000000d7580000)
  from space 2560K, 98% used [0x00000000d7800000,0x00000000d7a78020,0x00000000d7a80000)
  to   space 2560K, 0% used [0x00000000d7580000,0x00000000d7580000,0x00000000d7800000)
 ParOldGen       total 44032K, used 1645K [0x0000000080000000, 0x0000000082b00000, 0x00000000d5580000)
  object space 44032K, 3% used [0x0000000080000000,0x000000008019b5a0,0x0000000082b00000)
 Metaspace       used 12159K, capacity 12528K, committed 12800K, reserved 1060864K
  class space    used 1619K, capacity 1742K, committed 1792K, reserved 1048576K
Event: 2.289 GC heap after
Heap after GC invocations=5 (full 0):
 PSYoungGen      total 35328K, used 2544K [0x00000000d5580000, 0x00000000da180000, 0x0000000100000000)
  eden space 32768K, 0% used [0x00000000d5580000,0x00000000d5580000,0x00000000d7580000)
  from space 2560K, 99% used [0x00000000d7580000,0x00000000d77fc010,0x00000000d7800000)
  to   space 6144K, 0% used [0x00000000d9b80000,0x00000000d9b80000,0x00000000da180000)
 ParOldGen       total 44032K, used 5159K [0x0000000080000000, 0x0000000082b00000, 0x00000000d5580000)
  object space 44032K, 11% used [0x0000000080000000,0x0000000080509fd0,0x0000000082b00000)
 Metaspace       used 12159K, capacity 12528K, committed 12800K, reserved 1060864K
  class space    used 1619K, capacity 1742K, committed 1792K, reserved 1048576K
}
Event: 2.679 GC heap before
{Heap before GC invocations=6 (full 0):
 PSYoungGen      total 35328K, used 35312K [0x00000000d5580000, 0x00000000da180000, 0x0000000100000000)
  eden space 32768K, 100% used [0x00000000d5580000,0x00000000d7580000,0x00000000d7580000)
  from space 2560K, 99% used [0x00000000d7580000,0x00000000d77fc010,0x00000000d7800000)
  to   space 6144K, 0% used [0x00000000d9b80000,0x00000000d9b80000,0x00000000da180000)
 ParOldGen       total 44032K, used 5681K [0x0000000080000000, 0x0000000082b00000, 0x00000000d5580000)
  object space 44032K, 12% used [0x0000000080000000,0x000000008058c440,0x0000000082b00000)
 Metaspace       used 15235K, capacity 15818K, committed 16000K, reserved 1062912K
  class space    used 2011K, capacity 2169K, committed 2176K, reserved 1048576K
Event: 2.686 GC heap after
Heap after GC invocations=6 (full 0):
 PSYoungGen      total 70656K, used 5712K [0x00000000d5580000, 0x00000000da380000, 0x0000000100000000)
  eden space 64512K, 0% used [0x00000000d5580000,0x00000000d5580000,0x00000000d9480000)
  from space 6144K, 92% used [0x00000000d9b80000,0x00000000da114098,0x00000000da180000)
  to   space 7168K, 0% used [0x00000000d9480000,0x00000000d9480000,0x00000000d9b80000)
 ParOldGen       total 44032K, used 5689K [0x0000000080000000, 0x0000000082b00000, 0x00000000d5580000)
  object space 44032K, 12% used [0x0000000080000000,0x000000008058e440,0x0000000082b00000)
 Metaspace       used 15235K, capacity 15818K, committed 16000K, reserved 1062912K
  class space    used 2011K, capacity 2169K, committed 2176K, reserved 1048576K
}
Event: 3.852 GC heap before
{Heap before GC invocations=7 (full 0):
 PSYoungGen      total 70656K, used 68881K [0x00000000d5580000, 0x00000000da380000, 0x0000000100000000)
  eden space 64512K, 97% used [0x00000000d5580000,0x00000000d9330628,0x00000000d9480000)
  from space 6144K, 92% used [0x00000000d9b80000,0x00000000da114098,0x00000000da180000)
  to   space 7168K, 0% used [0x00000000d9480000,0x00000000d9480000,0x00000000d9b80000)
 ParOldGen       total 44032K, used 5689K [0x0000000080000000, 0x0000000082b00000, 0x00000000d5580000)
  object space 44032K, 12% used [0x0000000080000000,0x000000008058e440,0x0000000082b00000)
 Metaspace       used 20481K, capacity 21230K, committed 21296K, reserved 1067008K
  class space    used 2856K, capacity 3039K, committed 3072K, reserved 1048576K
Event: 3.865 GC heap after
Heap after GC invocations=7 (full 0):
 PSYoungGen      total 71680K, used 7160K [0x00000000d5580000, 0x00000000de680000, 0x0000000100000000)
  eden space 64512K, 0% used [0x00000000d5580000,0x00000000d5580000,0x00000000d9480000)
  from space 7168K, 99% used [0x00000000d9480000,0x00000000d9b7e048,0x00000000d9b80000)
  to   space 9728K, 0% used [0x00000000ddd00000,0x00000000ddd00000,0x00000000de680000)
 ParOldGen       total 44032K, used 8566K [0x0000000080000000, 0x0000000082b00000, 0x00000000d5580000)
  object space 44032K, 19% used [0x0000000080000000,0x000000008085d860,0x0000000082b00000)
 Metaspace       used 20481K, capacity 21230K, committed 21296K, reserved 1067008K
  class space    used 2856K, capacity 3039K, committed 3072K, reserved 1048576K
}
Event: 3.865 GC heap before
{Heap before GC invocations=8 (full 1):
 PSYoungGen      total 71680K, used 7160K [0x00000000d5580000, 0x00000000de680000, 0x0000000100000000)
  eden space 64512K, 0% used [0x00000000d5580000,0x00000000d5580000,0x00000000d9480000)
  from space 7168K, 99% used [0x00000000d9480000,0x00000000d9b7e048,0x00000000d9b80000)
  to   space 9728K, 0% used [0x00000000ddd00000,0x00000000ddd00000,0x00000000de680000)
 ParOldGen       total 44032K, used 8566K [0x0000000080000000, 0x0000000082b00000, 0x00000000d5580000)
  object space 44032K, 19% used [0x0000000080000000,0x000000008085d860,0x0000000082b00000)
 Metaspace       used 20481K, capacity 21230K, committed 21296K, reserved 1067008K
  class space    used 2856K, capacity 3039K, committed 3072K, reserved 1048576K
Event: 3.945 GC heap after
Heap after GC invocations=8 (full 1):
 PSYoungGen      total 71680K, used 0K [0x00000000d5580000, 0x00000000de680000, 0x0000000100000000)
  eden space 64512K, 0% used [0x00000000d5580000,0x00000000d5580000,0x00000000d9480000)
  from space 7168K, 0% used [0x00000000d9480000,0x00000000d9480000,0x00000000d9b80000)
  to   space 9728K, 0% used [0x00000000ddd00000,0x00000000ddd00000,0x00000000de680000)
 ParOldGen       total 41472K, used 11284K [0x0000000080000000, 0x0000000082880000, 0x00000000d5580000)
  object space 41472K, 27% used [0x0000000080000000,0x0000000080b05320,0x0000000082880000)
 Metaspace       used 20481K, capacity 21230K, committed 21296K, reserved 1067008K
  class space    used 2856K, capacity 3039K, committed 3072K, reserved 1048576K
}

