# JRE version: OpenJDK Runtime Environment (8.0_242-b01) (build 1.8.0_242-release-1644-b01)
# Java VM: OpenJDK 64-Bit Server VM (25.242-b01 mixed mode windows-amd64 compressed oops)
Heap:
 PSYoungGen      total 68096K, used 50524K [0x00000000d5580000, 0x00000000dcb00000, 0x0000000100000000)
  eden space 61952K, 72% used [0x00000000d5580000,0x00000000d81a1f08,0x00000000d9200000)
  from space 6144K, 86% used [0x00000000d9b80000,0x00000000da0b5180,0x00000000da180000)
  to   space 9728K, 0% used [0x00000000d9200000,0x00000000d9200000,0x00000000d9b80000)
 ParOldGen       total 38400K, used 11377K [0x0000000080000000, 0x0000000082580000, 0x00000000d5580000)
  object space 38400K, 29% used [0x0000000080000000,0x0000000080b1c4f0,0x0000000082580000)
 Metaspace       used 31775K, capacity 32986K, committed 33280K, reserved 1079296K
  class space    used 4266K, capacity 4552K, committed 4608K, reserved 1048576K
GC Heap History (10 events):
Event: 2.902 GC heap before
{Heap before GC invocations=5 (full 0):
 PSYoungGen      total 35328K, used 35312K [0x00000000d5580000, 0x00000000d7a80000, 0x0000000100000000)
  eden space 32768K, 100% used [0x00000000d5580000,0x00000000d7580000,0x00000000d7580000)
  from space 2560K, 99% used [0x00000000d7800000,0x00000000d7a7c030,0x00000000d7a80000)
  to   space 2560K, 0% used [0x00000000d7580000,0x00000000d7580000,0x00000000d7800000)
 ParOldGen       total 44032K, used 1688K [0x0000000080000000, 0x0000000082b00000, 0x00000000d5580000)
  object space 44032K, 3% used [0x0000000080000000,0x00000000801a61e8,0x0000000082b00000)
 Metaspace       used 12167K, capacity 12592K, committed 12800K, reserved 1060864K
  class space    used 1619K, capacity 1742K, committed 1792K, reserved 1048576K
Event: 2.911 GC heap after
Heap after GC invocations=5 (full 0):
 PSYoungGen      total 35328K, used 2528K [0x00000000d5580000, 0x00000000da180000, 0x0000000100000000)
  eden space 32768K, 0% used [0x00000000d5580000,0x00000000d5580000,0x00000000d7580000)
  from space 2560K, 98% used [0x00000000d7580000,0x00000000d77f8020,0x00000000d7800000)
  to   space 6144K, 0% used [0x00000000d9b80000,0x00000000d9b80000,0x00000000da180000)
 ParOldGen       total 44032K, used 5234K [0x0000000080000000, 0x0000000082b00000, 0x00000000d5580000)
  object space 44032K, 11% used [0x0000000080000000,0x000000008051cb88,0x0000000082b00000)
 Metaspace       used 12167K, capacity 12592K, committed 12800K, reserved 1060864K
  class space    used 1619K, capacity 1742K, committed 1792K, reserved 1048576K
}
Event: 3.305 GC heap before
{Heap before GC invocations=6 (full 0):
 PSYoungGen      total 35328K, used 34876K [0x00000000d5580000, 0x00000000da180000, 0x0000000100000000)
  eden space 32768K, 98% used [0x00000000d5580000,0x00000000d7517128,0x00000000d7580000)
  from space 2560K, 98% used [0x00000000d7580000,0x00000000d77f8020,0x00000000d7800000)
  to   space 6144K, 0% used [0x00000000d9b80000,0x00000000d9b80000,0x00000000da180000)
 ParOldGen       total 44032K, used 5234K [0x0000000080000000, 0x0000000082b00000, 0x00000000d5580000)
  object space 44032K, 11% used [0x0000000080000000,0x000000008051cb88,0x0000000082b00000)
 Metaspace       used 14728K, capacity 15306K, committed 15488K, reserved 1062912K
  class space    used 2009K, capacity 2169K, committed 2176K, reserved 1048576K
Event: 3.313 GC heap after
Heap after GC invocations=6 (full 0):
 PSYoungGen      total 70656K, used 5987K [0x00000000d5580000, 0x00000000da380000, 0x0000000100000000)
  eden space 64512K, 0% used [0x00000000d5580000,0x00000000d5580000,0x00000000d9480000)
  from space 6144K, 97% used [0x00000000d9b80000,0x00000000da158cd8,0x00000000da180000)
  to   space 7168K, 0% used [0x00000000d9480000,0x00000000d9480000,0x00000000d9b80000)
 ParOldGen       total 44032K, used 5242K [0x0000000080000000, 0x0000000082b00000, 0x00000000d5580000)
  object space 44032K, 11% used [0x0000000080000000,0x000000008051eb88,0x0000000082b00000)
 Metaspace       used 14728K, capacity 15306K, committed 15488K, reserved 1062912K
  class space    used 2009K, capacity 2169K, committed 2176K, reserved 1048576K
}
Event: 4.879 GC heap before
{Heap before GC invocations=7 (full 0):
 PSYoungGen      total 70656K, used 70325K [0x00000000d5580000, 0x00000000da380000, 0x0000000100000000)
  eden space 64512K, 99% used [0x00000000d5580000,0x00000000d9454788,0x00000000d9480000)
  from space 6144K, 97% used [0x00000000d9b80000,0x00000000da158cd8,0x00000000da180000)
  to   space 7168K, 0% used [0x00000000d9480000,0x00000000d9480000,0x00000000d9b80000)
 ParOldGen       total 44032K, used 5242K [0x0000000080000000, 0x0000000082b00000, 0x00000000d5580000)
  object space 44032K, 11% used [0x0000000080000000,0x000000008051eb88,0x0000000082b00000)
 Metaspace       used 20491K, capacity 21230K, committed 21296K, reserved 1067008K
  class space    used 2855K, capacity 3039K, committed 3072K, reserved 1048576K
Event: 4.894 GC heap after
Heap after GC invocations=7 (full 0):
 PSYoungGen      total 71680K, used 7156K [0x00000000d5580000, 0x00000000da380000, 0x0000000100000000)
  eden space 64512K, 0% used [0x00000000d5580000,0x00000000d5580000,0x00000000d9480000)
  from space 7168K, 99% used [0x00000000d9480000,0x00000000d9b7d108,0x00000000d9b80000)
  to   space 6144K, 0% used [0x00000000d9b80000,0x00000000d9b80000,0x00000000da180000)
 ParOldGen       total 44032K, used 8253K [0x0000000080000000, 0x0000000082b00000, 0x00000000d5580000)
  object space 44032K, 18% used [0x0000000080000000,0x000000008080f590,0x0000000082b00000)
 Metaspace       used 20491K, capacity 21230K, committed 21296K, reserved 1067008K
  class space    used 2855K, capacity 3039K, committed 3072K, reserved 1048576K
}
Event: 4.894 GC heap before
{Heap before GC invocations=8 (full 1):
 PSYoungGen      total 71680K, used 7156K [0x00000000d5580000, 0x00000000da380000, 0x0000000100000000)
  eden space 64512K, 0% used [0x00000000d5580000,0x00000000d5580000,0x00000000d9480000)
  from space 7168K, 99% used [0x00000000d9480000,0x00000000d9b7d108,0x00000000d9b80000)
  to   space 6144K, 0% used [0x00000000d9b80000,0x00000000d9b80000,0x00000000da180000)
 ParOldGen       total 44032K, used 8253K [0x0000000080000000, 0x0000000082b00000, 0x00000000d5580000)
  object space 44032K, 18% used [0x0000000080000000,0x000000008080f590,0x0000000082b00000)
 Metaspace       used 20491K, capacity 21230K, committed 21296K, reserved 1067008K
  class space    used 2855K, capacity 3039K, committed 3072K, reserved 1048576K
Event: 4.945 GC heap after
Heap after GC invocations=8 (full 1):
 PSYoungGen      total 71680K, used 0K [0x00000000d5580000, 0x00000000da380000, 0x0000000100000000)
  eden space 64512K, 0% used [0x00000000d5580000,0x00000000d5580000,0x00000000d9480000)
  from space 7168K, 0% used [0x00000000d9480000,0x00000000d9480000,0x00000000d9b80000)
  to   space 6144K, 0% used [0x00000000d9b80000,0x00000000d9b80000,0x00000000da180000)
 ParOldGen       total 38400K, used 11369K [0x0000000080000000, 0x0000000082580000, 0x00000000d5580000)
  object space 38400K, 29% used [0x0000000080000000,0x0000000080b1a4f0,0x0000000082580000)
 Metaspace       used 20491K, capacity 21230K, committed 21296K, reserved 1067008K
  class space    used 2855K, capacity 3039K, committed 3072K, reserved 1048576K
}
Event: 8.333 GC heap before
{Heap before GC invocations=9 (full 1):
 PSYoungGen      total 71680K, used 64512K [0x00000000d5580000, 0x00000000da380000, 0x0000000100000000)
  eden space 64512K, 100% used [0x00000000d5580000,0x00000000d9480000,0x00000000d9480000)
  from space 7168K, 0% used [0x00000000d9480000,0x00000000d9480000,0x00000000d9b80000)
  to   space 6144K, 0% used [0x00000000d9b80000,0x00000000d9b80000,0x00000000da180000)
 ParOldGen       total 38400K, used 11369K [0x0000000080000000, 0x0000000082580000, 0x00000000d5580000)
  object space 38400K, 29% used [0x0000000080000000,0x0000000080b1a4f0,0x0000000082580000)
 Metaspace       used 24539K, capacity 25550K, committed 25856K, reserved 1071104K
  class space    used 3508K, capacity 3773K, committed 3840K, reserved 1048576K
Event: 8.340 GC heap after
Heap after GC invocations=9 (full 1):
 PSYoungGen      total 68096K, used 5332K [0x00000000d5580000, 0x00000000dcb00000, 0x0000000100000000)
  eden space 61952K, 0% used [0x00000000d5580000,0x00000000d5580000,0x00000000d9200000)
  from space 6144K, 86% used [0x00000000d9b80000,0x00000000da0b5180,0x00000000da180000)
  to   space 9728K, 0% used [0x00000000d9200000,0x00000000d9200000,0x00000000d9b80000)
 ParOldGen       total 38400K, used 11377K [0x0000000080000000, 0x0000000082580000, 0x00000000d5580000)
  object space 38400K, 29% used [0x0000000080000000,0x0000000080b1c4f0,0x0000000082580000)
 Metaspace       used 24539K, capacity 25550K, committed 25856K, reserved 1071104K
  class space    used 3508K, capacity 3773K, committed 3840K, reserved 1048576K
}

